<?xml version="1.0" encoding="UTF-8"?>
<testng-results skipped="0" failed="0" total="1" passed="1">
  <reporter-output>
  </reporter-output>
  <suite name="Default suite" duration-ms="16654" started-at="2019-07-23T16:40:49Z" finished-at="2019-07-23T16:41:06Z">
    <groups>
    </groups>
    <test name="Default test" duration-ms="16654" started-at="2019-07-23T16:40:49Z" finished-at="2019-07-23T16:41:06Z">
      <class name="com.qa.hubspot.tests.HomePageTest">
        <test-method status="PASS" signature="setup()[pri:0, instance:com.qa.hubspot.tests.HomePageTest@6767c1fc]" name="setup" is-config="true" duration-ms="15517" started-at="2019-07-23T11:40:49Z" finished-at="2019-07-23T11:41:04Z">
          <reporter-output>
          </reporter-output>
        </test-method> <!-- setup -->
        <test-method status="PASS" signature="verifygoogleSignIn()[pri:0, instance:com.qa.hubspot.tests.HomePageTest@6767c1fc]" name="verifygoogleSignIn" duration-ms="12" started-at="2019-07-23T11:41:04Z" finished-at="2019-07-23T11:41:05Z">
          <reporter-output>
          </reporter-output>
        </test-method> <!-- verifygoogleSignIn -->
        <test-method status="PASS" signature="tearDown()[pri:0, instance:com.qa.hubspot.tests.HomePageTest@6767c1fc]" name="tearDown" is-config="true" duration-ms="1087" started-at="2019-07-23T11:41:05Z" finished-at="2019-07-23T11:41:06Z">
          <reporter-output>
          </reporter-output>
        </test-method> <!-- tearDown -->
      </class> <!-- com.qa.hubspot.tests.HomePageTest -->
    </test> <!-- Default test -->
  </suite> <!-- Default suite -->
</testng-results>
